15:36:31 **** Incremental Build of configuration Debug for project LCD_TFT_Template ****
make -j8 all 
arm-none-eabi-gcc "../Core/Src/main.c" -mcpu=cortex-m7 -std=gnu11 -g3 -DDEBUG -DUSE_HAL_DRIVER -DSTM32F767xx -c -I../Core/Inc -I../Drivers/STM32F7xx_HAL_Driver/Inc -I../Drivers/STM32F7xx_HAL_Driver/Inc/Legacy -I../Drivers/CMSIS/Device/ST/STM32F7xx/Include -I../Drivers/CMSIS/Include -I"C:/Users/Jems/STM32CubeIDE/MAD_Lab/LCD_TFT_Template/Drivers/ILI9341" -O0 -ffunction-sections -fdata-sections -Wall -fstack-usage -fcyclomatic-complexity -MMD -MP -MF"Core/Src/main.d" -MT"Core/Src/main.o" --specs=nano.specs -mfpu=fpv5-d16 -mfloat-abi=hard -mthumb -o "Core/Src/main.o"
arm-none-eabi-gcc -o "LCD_TFT_Template.elf" @"objects.list"   -mcpu=cortex-m7 -T"C:\Users\Jems\STM32CubeIDE\MAD_Lab\LCD_TFT_Template\STM32F767ZITX_FLASH.ld" --specs=nosys.specs -Wl,-Map="LCD_TFT_Template.map" -Wl,--gc-sections -static --specs=nano.specs -mfpu=fpv5-d16 -mfloat-abi=hard -mthumb -u _printf_float -Wl,--start-group -lc -lm -Wl,--end-group
C:/ST/STM32CubeIDE_1.13.0/STM32CubeIDE/plugins/com.st.stm32cube.ide.mcu.externaltools.gnu-tools-for-stm32.11.3.rel1.win32_1.1.0.202305231506/tools/bin/../lib/gcc/arm-none-eabi/11.3.1/../../../../arm-none-eabi/bin/ld.exe: ./Core/Src/usart.o:C:/Users/Jems/STM32CubeIDE/MAD_Lab/LCD_TFT_Template/Debug/../Core/Src/usart.c:27: multiple definition of `huart3'; ./Core/Src/main.o:C:/Users/Jems/STM32CubeIDE/MAD_Lab/LCD_TFT_Template/Debug/../Core/Src/main.c:56: first defined here
collect2.exe: error: ld returned 1 exit status
make: *** [makefile:65: LCD_TFT_Template.elf] Error 1
"make -j8 all" terminated with exit code 2. Build might be incomplete.

15:36:33 Build Failed. 2 errors, 0 warnings. (took 1s.90ms)

